{
  "RSpec": {
    "coverage": {
      "/app/app/models/memory.rb": [
        1,
        1,
        null
      ],
      "/app/app/models/application_record.rb": [
        1,
        1,
        null
      ],
      "/app/app/models/user.rb": [
        1,
        1,
        1,
        1,
        null,
        null,
        1,
        null,
        1,
        0,
        null,
        null,
        1,
        0,
        null,
        null,
        1,
        0,
        null,
        null
      ],
      "/app/app/controllers/application_controller.rb": [
        1,
        1,
        1,
        null,
        1,
        1,
        1,
        null,
        1,
        null,
        1,
        0,
        null,
        null,
        1,
        0,
        null,
        null,
        1,
        0,
        null,
        null,
        1,
        0,
        null,
        null,
        1,
        3,
        null,
        null,
        1,
        0,
        null,
        null
      ],
      "/app/app/controllers/authentication_controller.rb": [
        null,
        null,
        1,
        1,
        null,
        1,
        7,
        null,
        7,
        4,
        4,
        null,
        4,
        null,
        null,
        null,
        null,
        null,
        4,
        null,
        3,
        null,
        null,
        null,
        1,
        null,
        1,
        12,
        null,
        null
      ]
    },
    "timestamp": 1601315416
  }
}
